This file contains any messages produced by compilers while
running configure, to aid debugging if configure makes a mistake.

It was created by gstchainsawsink configure 1.0, which was
generated by GNU Autoconf 2.69.  Invocation command line was

  $ ./configure 

## --------- ##
## Platform. ##
## --------- ##

hostname = macbook-air-de-admin.home
uname -m = x86_64
uname -r = 14.5.0
uname -s = Darwin
uname -v = Darwin Kernel Version 14.5.0: Wed Jul 29 02:26:53 PDT 2015; root:xnu-2782.40.9~1/RELEASE_X86_64

/usr/bin/uname -p = i386
/bin/uname -X     = unknown

/bin/arch              = unknown
/usr/bin/arch -k       = unknown
/usr/convex/getsysinfo = unknown
/usr/bin/hostinfo      = Mach kernel version:
	 Darwin Kernel Version 14.5.0: Wed Jul 29 02:26:53 PDT 2015; root:xnu-2782.40.9~1/RELEASE_X86_64
Kernel configured for up to 4 processors.
2 processors are physically available.
4 processors are logically available.
Processor type: x86_64h (Intel x86-64h Haswell)
Processors active: 0 1 2 3
Primary memory available: 8.00 gigabytes
Default processor set: 221 tasks, 1048 threads, 4 processors
Load average: 3.14, Mach factor: 1.58
/bin/machine           = unknown
/usr/bin/oslevel       = unknown
/bin/universe          = unknown

PATH: /usr/local/bin
PATH: /usr/bin
PATH: /bin
PATH: /usr/sbin
PATH: /sbin
PATH: /opt/X11/bin
PATH: /usr/local/go/bin


## ----------- ##
## Core tests. ##
## ----------- ##

configure:2348: error: cannot find install-sh, install.sh, or shtool in "." "./.." "./../.."

## ---------------- ##
## Cache variables. ##
## ---------------- ##

ac_cv_env_CCC_set=
ac_cv_env_CCC_value=
ac_cv_env_CC_set=
ac_cv_env_CC_value=
ac_cv_env_CFLAGS_set=
ac_cv_env_CFLAGS_value=
ac_cv_env_CPPFLAGS_set=
ac_cv_env_CPPFLAGS_value=
ac_cv_env_CPP_set=
ac_cv_env_CPP_value=
ac_cv_env_CXXCPP_set=
ac_cv_env_CXXCPP_value=
ac_cv_env_CXXFLAGS_set=
ac_cv_env_CXXFLAGS_value=
ac_cv_env_CXX_set=
ac_cv_env_CXX_value=
ac_cv_env_GST_CFLAGS_set=
ac_cv_env_GST_CFLAGS_value=
ac_cv_env_GST_LIBS_set=
ac_cv_env_GST_LIBS_value=
ac_cv_env_LDFLAGS_set=
ac_cv_env_LDFLAGS_value=
ac_cv_env_LIBAVCODEC_CFLAGS_set=
ac_cv_env_LIBAVCODEC_CFLAGS_value=
ac_cv_env_LIBAVCODEC_LIBS_set=
ac_cv_env_LIBAVCODEC_LIBS_value=
ac_cv_env_LIBAVFORMAT_CFLAGS_set=
ac_cv_env_LIBAVFORMAT_CFLAGS_value=
ac_cv_env_LIBAVFORMAT_LIBS_set=
ac_cv_env_LIBAVFORMAT_LIBS_value=
ac_cv_env_LIBCURL_CFLAGS_set=
ac_cv_env_LIBCURL_CFLAGS_value=
ac_cv_env_LIBCURL_LIBS_set=
ac_cv_env_LIBCURL_LIBS_value=
ac_cv_env_LIBMEMCACHED_CFLAGS_set=
ac_cv_env_LIBMEMCACHED_CFLAGS_value=
ac_cv_env_LIBMEMCACHED_LIBS_set=
ac_cv_env_LIBMEMCACHED_LIBS_value=
ac_cv_env_LIBSWSCALE_CFLAGS_set=
ac_cv_env_LIBSWSCALE_CFLAGS_value=
ac_cv_env_LIBSWSCALE_LIBS_set=
ac_cv_env_LIBSWSCALE_LIBS_value=
ac_cv_env_LIBS_set=
ac_cv_env_LIBS_value=
ac_cv_env_LT_SYS_LIBRARY_PATH_set=
ac_cv_env_LT_SYS_LIBRARY_PATH_value=
ac_cv_env_PKG_CONFIG_LIBDIR_set=
ac_cv_env_PKG_CONFIG_LIBDIR_value=
ac_cv_env_PKG_CONFIG_PATH_set=
ac_cv_env_PKG_CONFIG_PATH_value=
ac_cv_env_PKG_CONFIG_set=
ac_cv_env_PKG_CONFIG_value=
ac_cv_env_build_alias_set=
ac_cv_env_build_alias_value=
ac_cv_env_host_alias_set=
ac_cv_env_host_alias_value=
ac_cv_env_target_alias_set=
ac_cv_env_target_alias_value=

## ----------------- ##
## Output variables. ##
## ----------------- ##

ACLOCAL=''
AMDEPBACKSLASH=''
AMDEP_FALSE=''
AMDEP_TRUE=''
AMTAR=''
AM_BACKSLASH=''
AM_DEFAULT_V=''
AM_DEFAULT_VERBOSITY=''
AM_V=''
AR=''
AUTOCONF=''
AUTOHEADER=''
AUTOMAKE=''
AWK=''
CC=''
CCDEPMODE=''
CFLAGS=''
CPP=''
CPPFLAGS=''
CXX=''
CXXCPP=''
CXXDEPMODE=''
CXXFLAGS=''
CYGPATH_W=''
DEFS=''
DEPDIR=''
DLLTOOL=''
DSYMUTIL=''
DUMPBIN=''
ECHO_C='\c'
ECHO_N=''
ECHO_T=''
EGREP=''
EXEEXT=''
FGREP=''
GREP=''
GST_CFLAGS=''
GST_LIBS=''
GST_PLUGIN_LDFLAGS=''
HAVE_PKGCONFIG=''
INSTALL_DATA=''
INSTALL_PROGRAM=''
INSTALL_SCRIPT=''
INSTALL_STRIP_PROGRAM=''
LD=''
LDFLAGS=''
LIBAVCODEC_CFLAGS=''
LIBAVCODEC_LIBS=''
LIBAVFORMAT_CFLAGS=''
LIBAVFORMAT_LIBS=''
LIBCURL_CFLAGS=''
LIBCURL_LIBS=''
LIBMEMCACHED_CFLAGS=''
LIBMEMCACHED_LIBS=''
LIBOBJS=''
LIBS=''
LIBSWSCALE_CFLAGS=''
LIBSWSCALE_LIBS=''
LIBTOOL=''
LIPO=''
LN_S=''
LTLIBOBJS=''
LT_SYS_LIBRARY_PATH=''
MAINT=''
MAINTAINER_MODE_FALSE=''
MAINTAINER_MODE_TRUE=''
MAKEINFO=''
MANIFEST_TOOL=''
MKDIR_P=''
NM=''
NMEDIT=''
OBJDUMP=''
OBJEXT=''
OTOOL64=''
OTOOL=''
PACKAGE=''
PACKAGE_BUGREPORT=''
PACKAGE_NAME='gstchainsawsink'
PACKAGE_STRING='gstchainsawsink 1.0'
PACKAGE_TARNAME='gstchainsawsink'
PACKAGE_URL=''
PACKAGE_VERSION='1.0'
PATH_SEPARATOR=':'
PKG_CONFIG=''
PKG_CONFIG_LIBDIR=''
PKG_CONFIG_PATH=''
RANLIB=''
SED=''
SET_MAKE=''
SHELL='/bin/sh'
STRIP=''
VERSION=''
ac_ct_AR=''
ac_ct_CC=''
ac_ct_CXX=''
ac_ct_DUMPBIN=''
am__EXEEXT_FALSE=''
am__EXEEXT_TRUE=''
am__fastdepCC_FALSE=''
am__fastdepCC_TRUE=''
am__fastdepCXX_FALSE=''
am__fastdepCXX_TRUE=''
am__include=''
am__isrc=''
am__leading_dot=''
am__nodep=''
am__quote=''
am__tar=''
am__untar=''
bindir='${exec_prefix}/bin'
build=''
build_alias=''
build_cpu=''
build_os=''
build_vendor=''
datadir='${datarootdir}'
datarootdir='${prefix}/share'
docdir='${datarootdir}/doc/${PACKAGE_TARNAME}'
dvidir='${docdir}'
exec_prefix='NONE'
host=''
host_alias=''
host_cpu=''
host_os=''
host_vendor=''
htmldir='${docdir}'
includedir='${prefix}/include'
infodir='${datarootdir}/info'
install_sh=''
libdir='${exec_prefix}/lib'
libexecdir='${exec_prefix}/libexec'
localedir='${datarootdir}/locale'
localstatedir='${prefix}/var'
mandir='${datarootdir}/man'
mkdir_p=''
oldincludedir='/usr/include'
pdfdir='${docdir}'
plugindir=''
prefix='NONE'
program_transform_name='s,x,x,'
psdir='${docdir}'
sbindir='${exec_prefix}/sbin'
sharedstatedir='${prefix}/com'
sysconfdir='${prefix}/etc'
target_alias=''

## ----------- ##
## confdefs.h. ##
## ----------- ##

/* confdefs.h */
#define PACKAGE_NAME "gstchainsawsink"
#define PACKAGE_TARNAME "gstchainsawsink"
#define PACKAGE_VERSION "1.0"
#define PACKAGE_STRING "gstchainsawsink 1.0"
#define PACKAGE_BUGREPORT ""
#define PACKAGE_URL ""

configure: exit 1
